This file contains any messages produced by compilers while
running configure, to aid debugging if configure makes a mistake.

It was created by libircclient configure 1.3, which was
generated by GNU Autoconf 2.68.  Invocation command line was

  $ ./configure --enable-thread --enable-ipv6

## --------- ##
## Platform. ##
## --------- ##

hostname = Nicks-MBP.fios-router.home
uname -m = x86_64
uname -r = 15.2.0
uname -s = Darwin
uname -v = Darwin Kernel Version 15.2.0: Fri Nov 13 19:56:56 PST 2015; root:xnu-3248.20.55~2/RELEASE_X86_64

/usr/bin/uname -p = i386
/bin/uname -X     = unknown

/bin/arch              = unknown
/usr/bin/arch -k       = unknown
/usr/convex/getsysinfo = unknown
/usr/bin/hostinfo      = Mach kernel version:
	 Darwin Kernel Version 15.2.0: Fri Nov 13 19:56:56 PST 2015; root:xnu-3248.20.55~2/RELEASE_X86_64
Kernel configured for up to 4 processors.
2 processors are physically available.
4 processors are logically available.
Processor type: x86_64h (Intel x86-64h Haswell)
Processors active: 0 1 2 3
Primary memory available: 16.00 gigabytes
Default processor set: 299 tasks, 1425 threads, 4 processors
Load average: 1.18, Mach factor: 2.80
/bin/machine           = unknown
/usr/bin/oslevel       = unknown
/bin/universe          = unknown

PATH: /usr/local/bin
PATH: /usr/bin
PATH: /bin
PATH: /usr/sbin
PATH: /sbin
PATH: /opt/X11/bin
PATH: /bin
PATH: /usr/local/plan9/bin


## ----------- ##
## Core tests. ##
## ----------- ##

configure:2291: checking for g++
configure:2307: found /usr/bin/g++
configure:2318: result: g++
configure:2345: checking for C++ compiler version
configure:2354: g++ --version >&5
Apple LLVM version 7.0.2 (clang-700.1.81)
Target: x86_64-apple-darwin15.2.0
Thread model: posix
Configured with: --prefix=/Applications/Xcode.app/Contents/Developer/usr --with-gxx-include-dir=/Applications/Xcode.app/Contents/Developer/Platforms/MacOSX.platform/Developer/SDKs/MacOSX10.11.sdk/usr/include/c++/4.2.1
configure:2365: $? = 0
configure:2354: g++ -v >&5
Configured with: --prefix=/Applications/Xcode.app/Contents/Developer/usr --with-gxx-include-dir=/Applications/Xcode.app/Contents/Developer/Platforms/MacOSX.platform/Developer/SDKs/MacOSX10.11.sdk/usr/include/c++/4.2.1
Apple LLVM version 7.0.2 (clang-700.1.81)
Target: x86_64-apple-darwin15.2.0
Thread model: posix
configure:2365: $? = 0
configure:2354: g++ -V >&5
clang: error: argument to '-V' is missing (expected 1 value)
clang: error: no input files
configure:2365: $? = 1
configure:2354: g++ -qversion >&5
clang: error: unknown argument: '-qversion'
clang: error: no input files
configure:2365: $? = 1
configure:2385: checking whether the C++ compiler works
configure:2407: g++    conftest.cpp  >&5
configure:2411: $? = 0
configure:2459: result: yes
configure:2462: checking for C++ compiler default output file name
configure:2464: result: a.out
configure:2470: checking for suffix of executables
configure:2477: g++ -o conftest    conftest.cpp  >&5
configure:2481: $? = 0
configure:2503: result: 
configure:2525: checking whether we are cross compiling
configure:2533: g++ -o conftest    conftest.cpp  >&5
configure:2537: $? = 0
configure:2544: ./conftest
configure:2548: $? = 0
configure:2563: result: no
configure:2568: checking for suffix of object files
configure:2590: g++ -c   conftest.cpp >&5
configure:2594: $? = 0
configure:2615: result: o
configure:2619: checking whether we are using the GNU C++ compiler
configure:2638: g++ -c   conftest.cpp >&5
configure:2638: $? = 0
configure:2647: result: yes
configure:2656: checking whether g++ accepts -g
configure:2676: g++ -c -g  conftest.cpp >&5
configure:2676: $? = 0
configure:2717: result: yes
configure:2788: checking for gcc
configure:2804: found /usr/bin/gcc
configure:2815: result: gcc
configure:3044: checking for C compiler version
configure:3053: gcc --version >&5
Apple LLVM version 7.0.2 (clang-700.1.81)
Target: x86_64-apple-darwin15.2.0
Thread model: posix
Configured with: --prefix=/Applications/Xcode.app/Contents/Developer/usr --with-gxx-include-dir=/Applications/Xcode.app/Contents/Developer/Platforms/MacOSX.platform/Developer/SDKs/MacOSX10.11.sdk/usr/include/c++/4.2.1
configure:3064: $? = 0
configure:3053: gcc -v >&5
Configured with: --prefix=/Applications/Xcode.app/Contents/Developer/usr --with-gxx-include-dir=/Applications/Xcode.app/Contents/Developer/Platforms/MacOSX.platform/Developer/SDKs/MacOSX10.11.sdk/usr/include/c++/4.2.1
Apple LLVM version 7.0.2 (clang-700.1.81)
Target: x86_64-apple-darwin15.2.0
Thread model: posix
configure:3064: $? = 0
configure:3053: gcc -V >&5
clang: error: argument to '-V' is missing (expected 1 value)
clang: error: no input files
configure:3064: $? = 1
configure:3053: gcc -qversion >&5
clang: error: unknown argument: '-qversion'
clang: error: no input files
configure:3064: $? = 1
configure:3068: checking whether we are using the GNU C compiler
configure:3087: gcc -c   conftest.c >&5
configure:3087: $? = 0
configure:3096: result: yes
configure:3105: checking whether gcc accepts -g
configure:3125: gcc -c -g  conftest.c >&5
configure:3125: $? = 0
configure:3166: result: yes
configure:3183: checking for gcc option to accept ISO C89
configure:3247: gcc  -c -g -O2  conftest.c >&5
configure:3247: $? = 0
configure:3260: result: none needed
configure:3323: checking for ar
configure:3339: found /usr/bin/ar
configure:3350: result: ar
configure:3415: checking for ranlib
configure:3431: found /usr/bin/ranlib
configure:3442: result: ranlib
configure:3472: checking how to run the C preprocessor
configure:3503: gcc -E  conftest.c
configure:3503: $? = 0
configure:3517: gcc -E  conftest.c
conftest.c:9:10: fatal error: 'ac_nonexistent.h' file not found
#include <ac_nonexistent.h>
         ^
1 error generated.
configure:3517: $? = 1
configure: failed program was:
| /* confdefs.h */
| #define PACKAGE_NAME "libircclient"
| #define PACKAGE_TARNAME "libircclient"
| #define PACKAGE_VERSION "1.3"
| #define PACKAGE_STRING "libircclient 1.3"
| #define PACKAGE_BUGREPORT "gyunaev@ulduzsoft.com"
| #define PACKAGE_URL ""
| /* end confdefs.h.  */
| #include <ac_nonexistent.h>
configure:3542: result: gcc -E
configure:3562: gcc -E  conftest.c
configure:3562: $? = 0
configure:3576: gcc -E  conftest.c
conftest.c:9:10: fatal error: 'ac_nonexistent.h' file not found
#include <ac_nonexistent.h>
         ^
1 error generated.
configure:3576: $? = 1
configure: failed program was:
| /* confdefs.h */
| #define PACKAGE_NAME "libircclient"
| #define PACKAGE_TARNAME "libircclient"
| #define PACKAGE_VERSION "1.3"
| #define PACKAGE_STRING "libircclient 1.3"
| #define PACKAGE_BUGREPORT "gyunaev@ulduzsoft.com"
| #define PACKAGE_URL ""
| /* end confdefs.h.  */
| #include <ac_nonexistent.h>
configure:3605: checking for grep that handles long lines and -e
configure:3663: result: /usr/bin/grep
configure:3668: checking for egrep
configure:3730: result: /usr/bin/grep -E
configure:3735: checking for ANSI C header files
configure:3755: gcc -c -g -O2  conftest.c >&5
configure:3755: $? = 0
configure:3828: gcc -o conftest -g -O2   conftest.c  >&5
configure:3828: $? = 0
configure:3828: ./conftest
configure:3828: $? = 0
configure:3839: result: yes
configure:3854: checking for sys/types.h
configure:3854: gcc -c -g -O2  conftest.c >&5
configure:3854: $? = 0
configure:3854: result: yes
configure:3854: checking for sys/stat.h
configure:3854: gcc -c -g -O2  conftest.c >&5
configure:3854: $? = 0
configure:3854: result: yes
configure:3854: checking for stdlib.h
configure:3854: gcc -c -g -O2  conftest.c >&5
configure:3854: $? = 0
configure:3854: result: yes
configure:3854: checking for string.h
configure:3854: gcc -c -g -O2  conftest.c >&5
configure:3854: $? = 0
configure:3854: result: yes
configure:3854: checking for memory.h
configure:3854: gcc -c -g -O2  conftest.c >&5
configure:3854: $? = 0
configure:3854: result: yes
configure:3854: checking for strings.h
configure:3854: gcc -c -g -O2  conftest.c >&5
configure:3854: $? = 0
configure:3854: result: yes
configure:3854: checking for inttypes.h
configure:3854: gcc -c -g -O2  conftest.c >&5
configure:3854: $? = 0
configure:3854: result: yes
configure:3854: checking for stdint.h
configure:3854: gcc -c -g -O2  conftest.c >&5
configure:3854: $? = 0
configure:3854: result: yes
configure:3854: checking for unistd.h
configure:3854: gcc -c -g -O2  conftest.c >&5
configure:3854: $? = 0
configure:3854: result: yes
configure:3866: checking for stdbool.h that conforms to C99
configure:3933: gcc -c -g -O2  conftest.c >&5
conftest.c:68:12: warning: address of 's' will always evaluate to 'true' [-Wpointer-bool-conversion]
        bool e = &s;
             ~    ^
conftest.c:72:11: warning: address of array 'a' will always evaluate to 'true' [-Wpointer-bool-conversion]
        return (!a + !b + !c + !d + !e + !f + !g + !h + !i + !!j + !k + !!l
                ~^
conftest.c:72:16: warning: address of array 'b' will always evaluate to 'true' [-Wpointer-bool-conversion]
        return (!a + !b + !c + !d + !e + !f + !g + !h + !i + !!j + !k + !!l
                     ~^
conftest.c:72:21: warning: address of array 'c' will always evaluate to 'true' [-Wpointer-bool-conversion]
        return (!a + !b + !c + !d + !e + !f + !g + !h + !i + !!j + !k + !!l
                          ~^
conftest.c:72:26: warning: address of array 'd' will always evaluate to 'true' [-Wpointer-bool-conversion]
        return (!a + !b + !c + !d + !e + !f + !g + !h + !i + !!j + !k + !!l
                               ~^
conftest.c:72:36: warning: address of array 'f' will always evaluate to 'true' [-Wpointer-bool-conversion]
        return (!a + !b + !c + !d + !e + !f + !g + !h + !i + !!j + !k + !!l
                                         ~^
conftest.c:72:41: warning: address of array 'g' will always evaluate to 'true' [-Wpointer-bool-conversion]
        return (!a + !b + !c + !d + !e + !f + !g + !h + !i + !!j + !k + !!l
                                              ~^
conftest.c:72:46: warning: address of array 'h' will always evaluate to 'true' [-Wpointer-bool-conversion]
        return (!a + !b + !c + !d + !e + !f + !g + !h + !i + !!j + !k + !!l
                                                   ~^
conftest.c:72:51: warning: address of array 'i' will always evaluate to 'true' [-Wpointer-bool-conversion]
        return (!a + !b + !c + !d + !e + !f + !g + !h + !i + !!j + !k + !!l
                                                        ~^
conftest.c:73:11: warning: address of array 'n' will always evaluate to 'true' [-Wpointer-bool-conversion]
                       ~^
conftest.c:73:16: warning: address of array 'o' will always evaluate to 'true' [-Wpointer-bool-conversion]
                            ~^
conftest.c:73:21: warning: address of array 'p' will always evaluate to 'true' [-Wpointer-bool-conversion]
                                 ~^
12 warnings generated.
configure:3933: $? = 0
configure:3940: result: yes
configure:3942: checking for _Bool
configure:3942: gcc -c -g -O2  conftest.c >&5
configure:3942: $? = 0
configure:3942: gcc -c -g -O2  conftest.c >&5
conftest.c:55:20: error: expected expression
if (sizeof ((_Bool)))
                   ^
1 error generated.
configure:3942: $? = 1
configure: failed program was:
| /* confdefs.h */
| #define PACKAGE_NAME "libircclient"
| #define PACKAGE_TARNAME "libircclient"
| #define PACKAGE_VERSION "1.3"
| #define PACKAGE_STRING "libircclient 1.3"
| #define PACKAGE_BUGREPORT "gyunaev@ulduzsoft.com"
| #define PACKAGE_URL ""
| #define STDC_HEADERS 1
| #define HAVE_SYS_TYPES_H 1
| #define HAVE_SYS_STAT_H 1
| #define HAVE_STDLIB_H 1
| #define HAVE_STRING_H 1
| #define HAVE_MEMORY_H 1
| #define HAVE_STRINGS_H 1
| #define HAVE_INTTYPES_H 1
| #define HAVE_STDINT_H 1
| #define HAVE_UNISTD_H 1
| /* end confdefs.h.  */
| #include <stdio.h>
| #ifdef HAVE_SYS_TYPES_H
| # include <sys/types.h>
| #endif
| #ifdef HAVE_SYS_STAT_H
| # include <sys/stat.h>
| #endif
| #ifdef STDC_HEADERS
| # include <stdlib.h>
| # include <stddef.h>
| #else
| # ifdef HAVE_STDLIB_H
| #  include <stdlib.h>
| # endif
| #endif
| #ifdef HAVE_STRING_H
| # if !defined STDC_HEADERS && defined HAVE_MEMORY_H
| #  include <memory.h>
| # endif
| # include <string.h>
| #endif
| #ifdef HAVE_STRINGS_H
| # include <strings.h>
| #endif
| #ifdef HAVE_INTTYPES_H
| # include <inttypes.h>
| #endif
| #ifdef HAVE_STDINT_H
| # include <stdint.h>
| #endif
| #ifdef HAVE_UNISTD_H
| # include <unistd.h>
| #endif
| int
| main ()
| {
| if (sizeof ((_Bool)))
| 	    return 0;
|   ;
|   return 0;
| }
configure:3942: result: yes
configure:3958: checking for an ANSI C-conforming const
configure:4023: gcc -c -g -O2  conftest.c >&5
configure:4023: $? = 0
configure:4030: result: yes
configure:4038: checking for size_t
configure:4038: gcc -c -g -O2  conftest.c >&5
configure:4038: $? = 0
configure:4038: gcc -c -g -O2  conftest.c >&5
conftest.c:57:21: error: expected expression
if (sizeof ((size_t)))
                    ^
1 error generated.
configure:4038: $? = 1
configure: failed program was:
| /* confdefs.h */
| #define PACKAGE_NAME "libircclient"
| #define PACKAGE_TARNAME "libircclient"
| #define PACKAGE_VERSION "1.3"
| #define PACKAGE_STRING "libircclient 1.3"
| #define PACKAGE_BUGREPORT "gyunaev@ulduzsoft.com"
| #define PACKAGE_URL ""
| #define STDC_HEADERS 1
| #define HAVE_SYS_TYPES_H 1
| #define HAVE_SYS_STAT_H 1
| #define HAVE_STDLIB_H 1
| #define HAVE_STRING_H 1
| #define HAVE_MEMORY_H 1
| #define HAVE_STRINGS_H 1
| #define HAVE_INTTYPES_H 1
| #define HAVE_STDINT_H 1
| #define HAVE_UNISTD_H 1
| #define HAVE__BOOL 1
| #define HAVE_STDBOOL_H 1
| /* end confdefs.h.  */
| #include <stdio.h>
| #ifdef HAVE_SYS_TYPES_H
| # include <sys/types.h>
| #endif
| #ifdef HAVE_SYS_STAT_H
| # include <sys/stat.h>
| #endif
| #ifdef STDC_HEADERS
| # include <stdlib.h>
| # include <stddef.h>
| #else
| # ifdef HAVE_STDLIB_H
| #  include <stdlib.h>
| # endif
| #endif
| #ifdef HAVE_STRING_H
| # if !defined STDC_HEADERS && defined HAVE_MEMORY_H
| #  include <memory.h>
| # endif
| # include <string.h>
| #endif
| #ifdef HAVE_STRINGS_H
| # include <strings.h>
| #endif
| #ifdef HAVE_INTTYPES_H
| # include <inttypes.h>
| #endif
| #ifdef HAVE_STDINT_H
| # include <stdint.h>
| #endif
| #ifdef HAVE_UNISTD_H
| # include <unistd.h>
| #endif
| int
| main ()
| {
| if (sizeof ((size_t)))
| 	    return 0;
|   ;
|   return 0;
| }
configure:4038: result: yes
configure:4049: checking whether time.h and sys/time.h may both be included
configure:4069: gcc -c -g -O2  conftest.c >&5
configure:4069: $? = 0
configure:4076: result: yes
configure:4088: checking for stdlib.h
configure:4088: result: yes
configure:4098: checking for GNU libc compatible malloc
configure:4122: gcc -o conftest -g -O2   conftest.c  >&5
configure:4122: $? = 0
configure:4122: ./conftest
configure:4122: $? = 0
configure:4132: result: yes
configure:4156: checking sys/select.h usability
configure:4156: gcc -c -g -O2  conftest.c >&5
configure:4156: $? = 0
configure:4156: result: yes
configure:4156: checking sys/select.h presence
configure:4156: gcc -E  conftest.c
configure:4156: $? = 0
configure:4156: result: yes
configure:4156: checking for sys/select.h
configure:4156: result: yes
configure:4156: checking sys/socket.h usability
configure:4156: gcc -c -g -O2  conftest.c >&5
configure:4156: $? = 0
configure:4156: result: yes
configure:4156: checking sys/socket.h presence
configure:4156: gcc -E  conftest.c
configure:4156: $? = 0
configure:4156: result: yes
configure:4156: checking for sys/socket.h
configure:4156: result: yes
configure:4166: checking types of arguments for select
configure:4194: gcc -c -g -O2  conftest.c >&5
configure:4194: $? = 0
configure:4205: result: int,fd_set *,struct timeval *
configure:4228: checking whether lstat correctly handles trailing slash
configure:4254: gcc -o conftest -g -O2   conftest.c  >&5
configure:4254: $? = 0
configure:4254: ./conftest
configure:4254: $? = 1
configure: program exited with status 1
configure: failed program was:
| /* confdefs.h */
| #define PACKAGE_NAME "libircclient"
| #define PACKAGE_TARNAME "libircclient"
| #define PACKAGE_VERSION "1.3"
| #define PACKAGE_STRING "libircclient 1.3"
| #define PACKAGE_BUGREPORT "gyunaev@ulduzsoft.com"
| #define PACKAGE_URL ""
| #define STDC_HEADERS 1
| #define HAVE_SYS_TYPES_H 1
| #define HAVE_SYS_STAT_H 1
| #define HAVE_STDLIB_H 1
| #define HAVE_STRING_H 1
| #define HAVE_MEMORY_H 1
| #define HAVE_STRINGS_H 1
| #define HAVE_INTTYPES_H 1
| #define HAVE_STDINT_H 1
| #define HAVE_UNISTD_H 1
| #define HAVE__BOOL 1
| #define HAVE_STDBOOL_H 1
| #define TIME_WITH_SYS_TIME 1
| #define HAVE_STDLIB_H 1
| #define HAVE_MALLOC 1
| #define HAVE_SYS_SELECT_H 1
| #define HAVE_SYS_SOCKET_H 1
| #define SELECT_TYPE_ARG1 int
| #define SELECT_TYPE_ARG234 (fd_set *)
| #define SELECT_TYPE_ARG5 (struct timeval *)
| /* end confdefs.h.  */
| #include <stdio.h>
| #ifdef HAVE_SYS_TYPES_H
| # include <sys/types.h>
| #endif
| #ifdef HAVE_SYS_STAT_H
| # include <sys/stat.h>
| #endif
| #ifdef STDC_HEADERS
| # include <stdlib.h>
| # include <stddef.h>
| #else
| # ifdef HAVE_STDLIB_H
| #  include <stdlib.h>
| # endif
| #endif
| #ifdef HAVE_STRING_H
| # if !defined STDC_HEADERS && defined HAVE_MEMORY_H
| #  include <memory.h>
| # endif
| # include <string.h>
| #endif
| #ifdef HAVE_STRINGS_H
| # include <strings.h>
| #endif
| #ifdef HAVE_INTTYPES_H
| # include <inttypes.h>
| #endif
| #ifdef HAVE_STDINT_H
| # include <stdint.h>
| #endif
| #ifdef HAVE_UNISTD_H
| # include <unistd.h>
| #endif
| int
| main ()
| {
| struct stat sbuf;
|      /* Linux will dereference the symlink and fail, as required by POSIX.
| 	That is better in the sense that it means we will not
| 	have to compile and use the lstat wrapper.  */
|      return lstat ("conftest.sym/", &sbuf) == 0;
|   ;
|   return 0;
| }
configure:4271: result: no
configure:4290: checking whether stat accepts an empty string
configure:4310: gcc -o conftest -g -O2   conftest.c  >&5
configure:4310: $? = 0
configure:4310: ./conftest
configure:4310: $? = 0
configure:4320: result: no
configure:4339: checking for localtime_r
configure:4339: gcc -o conftest -g -O2   conftest.c  >&5
configure:4339: $? = 0
configure:4339: result: yes
configure:4339: checking for socket
configure:4339: gcc -o conftest -g -O2   conftest.c  >&5
configure:4339: $? = 0
configure:4339: result: yes
configure:4349: checking for socket in -lsocket
configure:4374: gcc -o conftest -g -O2   conftest.c -lsocket   >&5
ld: library not found for -lsocket
clang: error: linker command failed with exit code 1 (use -v to see invocation)
configure:4374: $? = 1
configure: failed program was:
| /* confdefs.h */
| #define PACKAGE_NAME "libircclient"
| #define PACKAGE_TARNAME "libircclient"
| #define PACKAGE_VERSION "1.3"
| #define PACKAGE_STRING "libircclient 1.3"
| #define PACKAGE_BUGREPORT "gyunaev@ulduzsoft.com"
| #define PACKAGE_URL ""
| #define STDC_HEADERS 1
| #define HAVE_SYS_TYPES_H 1
| #define HAVE_SYS_STAT_H 1
| #define HAVE_STDLIB_H 1
| #define HAVE_STRING_H 1
| #define HAVE_MEMORY_H 1
| #define HAVE_STRINGS_H 1
| #define HAVE_INTTYPES_H 1
| #define HAVE_STDINT_H 1
| #define HAVE_UNISTD_H 1
| #define HAVE__BOOL 1
| #define HAVE_STDBOOL_H 1
| #define TIME_WITH_SYS_TIME 1
| #define HAVE_STDLIB_H 1
| #define HAVE_MALLOC 1
| #define HAVE_SYS_SELECT_H 1
| #define HAVE_SYS_SOCKET_H 1
| #define SELECT_TYPE_ARG1 int
| #define SELECT_TYPE_ARG234 (fd_set *)
| #define SELECT_TYPE_ARG5 (struct timeval *)
| #define HAVE_LOCALTIME_R 1
| #define HAVE_SOCKET 1
| /* end confdefs.h.  */
| 
| /* Override any GCC internal prototype to avoid an error.
|    Use char because int might match the return type of a GCC
|    builtin and then its argument prototype would still apply.  */
| #ifdef __cplusplus
| extern "C"
| #endif
| char socket ();
| int
| main ()
| {
| return socket ();
|   ;
|   return 0;
| }
configure:4383: result: no
configure:4408: checking for getaddrinfo
configure:4408: gcc -o conftest -g -O2 -O3   conftest.c  >&5
configure:4408: $? = 0
configure:4408: result: yes
configure:4408: checking for inet_pton
configure:4408: gcc -o conftest -g -O2 -O3   conftest.c  >&5
configure:4408: $? = 0
configure:4408: result: yes
configure:4417: checking for getaddrinfo in -lnsl
configure:4442: gcc -o conftest -g -O2 -O3   conftest.c -lnsl   >&5
ld: library not found for -lnsl
clang: error: linker command failed with exit code 1 (use -v to see invocation)
configure:4442: $? = 1
configure: failed program was:
| /* confdefs.h */
| #define PACKAGE_NAME "libircclient"
| #define PACKAGE_TARNAME "libircclient"
| #define PACKAGE_VERSION "1.3"
| #define PACKAGE_STRING "libircclient 1.3"
| #define PACKAGE_BUGREPORT "gyunaev@ulduzsoft.com"
| #define PACKAGE_URL ""
| #define STDC_HEADERS 1
| #define HAVE_SYS_TYPES_H 1
| #define HAVE_SYS_STAT_H 1
| #define HAVE_STDLIB_H 1
| #define HAVE_STRING_H 1
| #define HAVE_MEMORY_H 1
| #define HAVE_STRINGS_H 1
| #define HAVE_INTTYPES_H 1
| #define HAVE_STDINT_H 1
| #define HAVE_UNISTD_H 1
| #define HAVE__BOOL 1
| #define HAVE_STDBOOL_H 1
| #define TIME_WITH_SYS_TIME 1
| #define HAVE_STDLIB_H 1
| #define HAVE_MALLOC 1
| #define HAVE_SYS_SELECT_H 1
| #define HAVE_SYS_SOCKET_H 1
| #define SELECT_TYPE_ARG1 int
| #define SELECT_TYPE_ARG234 (fd_set *)
| #define SELECT_TYPE_ARG5 (struct timeval *)
| #define HAVE_LOCALTIME_R 1
| #define HAVE_SOCKET 1
| #define HAVE_GETADDRINFO 1
| #define HAVE_INET_PTON 1
| /* end confdefs.h.  */
| 
| /* Override any GCC internal prototype to avoid an error.
|    Use char because int might match the return type of a GCC
|    builtin and then its argument prototype would still apply.  */
| #ifdef __cplusplus
| extern "C"
| #endif
| char getaddrinfo ();
| int
| main ()
| {
| return getaddrinfo ();
|   ;
|   return 0;
| }
configure:4451: result: no
configure:4521: checking For MinGW32
configure:4531: result: no
configure:4761: creating ./config.status

## ---------------------- ##
## Running config.status. ##
## ---------------------- ##

This file was extended by libircclient config.status 1.3, which was
generated by GNU Autoconf 2.68.  Invocation command line was

  CONFIG_FILES    = 
  CONFIG_HEADERS  = 
  CONFIG_LINKS    = 
  CONFIG_COMMANDS = 
  $ ./config.status 

on Nicks-MBP.fios-router.home

config.status:831: creating examples/Makefile
config.status:831: creating src/Makefile
config.status:831: creating src/config.h
configure:5928: WARNING: unrecognized options: --enable-thread

## ---------------- ##
## Cache variables. ##
## ---------------- ##

ac_cv_c_compiler_gnu=yes
ac_cv_c_const=yes
ac_cv_cxx_compiler_gnu=yes
ac_cv_env_CCC_set=
ac_cv_env_CCC_value=
ac_cv_env_CC_set=
ac_cv_env_CC_value=
ac_cv_env_CFLAGS_set=
ac_cv_env_CFLAGS_value=
ac_cv_env_CPPFLAGS_set=
ac_cv_env_CPPFLAGS_value=
ac_cv_env_CPP_set=
ac_cv_env_CPP_value=
ac_cv_env_CXXFLAGS_set=
ac_cv_env_CXXFLAGS_value=
ac_cv_env_CXX_set=
ac_cv_env_CXX_value=
ac_cv_env_LDFLAGS_set=
ac_cv_env_LDFLAGS_value=
ac_cv_env_LIBS_set=
ac_cv_env_LIBS_value=
ac_cv_env_build_alias_set=
ac_cv_env_build_alias_value=
ac_cv_env_host_alias_set=
ac_cv_env_host_alias_value=
ac_cv_env_target_alias_set=
ac_cv_env_target_alias_value=
ac_cv_func_getaddrinfo=yes
ac_cv_func_inet_pton=yes
ac_cv_func_localtime_r=yes
ac_cv_func_lstat_dereferences_slashed_symlink=no
ac_cv_func_malloc_0_nonnull=yes
ac_cv_func_select_args='int,fd_set *,struct timeval *'
ac_cv_func_socket=yes
ac_cv_func_stat_empty_string_bug=no
ac_cv_header_inttypes_h=yes
ac_cv_header_memory_h=yes
ac_cv_header_stdbool_h=yes
ac_cv_header_stdc=yes
ac_cv_header_stdint_h=yes
ac_cv_header_stdlib_h=yes
ac_cv_header_string_h=yes
ac_cv_header_strings_h=yes
ac_cv_header_sys_select_h=yes
ac_cv_header_sys_socket_h=yes
ac_cv_header_sys_stat_h=yes
ac_cv_header_sys_types_h=yes
ac_cv_header_time=yes
ac_cv_header_unistd_h=yes
ac_cv_lib_nsl_getaddrinfo=no
ac_cv_lib_socket_socket=no
ac_cv_objext=o
ac_cv_path_EGREP='/usr/bin/grep -E'
ac_cv_path_GREP=/usr/bin/grep
ac_cv_prog_CPP='gcc -E'
ac_cv_prog_ac_ct_AR=ar
ac_cv_prog_ac_ct_CC=gcc
ac_cv_prog_ac_ct_CXX=g++
ac_cv_prog_ac_ct_RANLIB=ranlib
ac_cv_prog_cc_c89=
ac_cv_prog_cc_g=yes
ac_cv_prog_cxx_g=yes
ac_cv_type__Bool=yes
ac_cv_type_size_t=yes

## ----------------- ##
## Output variables. ##
## ----------------- ##

AR='ar'
CC='gcc'
CFLAGS='-g -O2 -O3 -DENABLE_IPV6 -DENABLE_THREADS -D_REENTRANT'
CPP='gcc -E'
CPPFLAGS=''
CXX='g++'
CXXFLAGS='-g -O2'
DEFS='-DHAVE_CONFIG_H'
ECHO_C='\c'
ECHO_N=''
ECHO_T=''
EGREP='/usr/bin/grep -E'
EXEEXT=''
GREP='/usr/bin/grep'
LDFLAGS=''
LIBOBJS=' ${LIBOBJDIR}lstat$U.o'
LIBS=''
LTLIBOBJS=' ${LIBOBJDIR}lstat$U.lo'
OBJEXT='o'
PACKAGE_BUGREPORT='gyunaev@ulduzsoft.com'
PACKAGE_NAME='libircclient'
PACKAGE_STRING='libircclient 1.3'
PACKAGE_TARNAME='libircclient'
PACKAGE_URL=''
PACKAGE_VERSION='1.3'
PATH_SEPARATOR=':'
PREFIX=''
RANLIB='ranlib'
SHELL='/bin/sh'
TARGET='static'
ac_ct_CC='gcc'
ac_ct_CXX='g++'
bindir='${exec_prefix}/bin'
build_alias=''
datadir='${datarootdir}'
datarootdir='${prefix}/share'
docdir='${datarootdir}/doc/${PACKAGE_TARNAME}'
dvidir='${docdir}'
exec_prefix='${prefix}'
host_alias=''
htmldir='${docdir}'
includedir='${prefix}/include'
infodir='${datarootdir}/info'
libdir='${exec_prefix}/lib'
libexecdir='${exec_prefix}/libexec'
localedir='${datarootdir}/locale'
localstatedir='${prefix}/var'
mandir='${datarootdir}/man'
oldincludedir='/usr/include'
pdfdir='${docdir}'
prefix='/usr/local'
program_transform_name='s,x,x,'
psdir='${docdir}'
sbindir='${exec_prefix}/sbin'
sharedstatedir='${prefix}/com'
sysconfdir='${prefix}/etc'
target_alias=''

## ----------- ##
## confdefs.h. ##
## ----------- ##

/* confdefs.h */
#define PACKAGE_NAME "libircclient"
#define PACKAGE_TARNAME "libircclient"
#define PACKAGE_VERSION "1.3"
#define PACKAGE_STRING "libircclient 1.3"
#define PACKAGE_BUGREPORT "gyunaev@ulduzsoft.com"
#define PACKAGE_URL ""
#define STDC_HEADERS 1
#define HAVE_SYS_TYPES_H 1
#define HAVE_SYS_STAT_H 1
#define HAVE_STDLIB_H 1
#define HAVE_STRING_H 1
#define HAVE_MEMORY_H 1
#define HAVE_STRINGS_H 1
#define HAVE_INTTYPES_H 1
#define HAVE_STDINT_H 1
#define HAVE_UNISTD_H 1
#define HAVE__BOOL 1
#define HAVE_STDBOOL_H 1
#define TIME_WITH_SYS_TIME 1
#define HAVE_STDLIB_H 1
#define HAVE_MALLOC 1
#define HAVE_SYS_SELECT_H 1
#define HAVE_SYS_SOCKET_H 1
#define SELECT_TYPE_ARG1 int
#define SELECT_TYPE_ARG234 (fd_set *)
#define SELECT_TYPE_ARG5 (struct timeval *)
#define HAVE_LOCALTIME_R 1
#define HAVE_SOCKET 1
#define HAVE_GETADDRINFO 1
#define HAVE_INET_PTON 1

configure: exit 0
